<?xml version="1.0" encoding="UTF-8"?>
<!-- Generated by org.testng.reporters.JUnitReportReporter -->
<testsuite hostname="IBM-Testing01" name="testNG.Annotation" tests="1" failures="0" timestamp="9 Mar 2020 02:59:22 GMT" time="0.015" errors="0">
  <testcase name="VerifyURL" time="0.015" classname="testNG.Annotation"/>
</testsuite> <!-- testNG.Annotation -->
