<?xml version="1.0" encoding="UTF-8"?>
<!-- Generated by org.testng.reporters.JUnitReportReporter -->
<testsuite hostname="IBM-Testing01" name="testNG.DataProviderDemo" tests="2" failures="0" timestamp="4 Mar 2020 06:46:59 GMT" time="16.031" errors="0">
  <testcase name="f" time="3.527" classname="testNG.DataProviderDemo"/>
  <testcase name="f" time="12.504" classname="testNG.DataProviderDemo"/>
</testsuite> <!-- testNG.DataProviderDemo -->
