<?xml version="1.0" encoding="UTF-8"?>
<!-- Generated by org.testng.reporters.JUnitReportReporter -->
<testsuite hostname="IBM-Testing01" name="testNG.PriorityAnnitations" tests="3" failures="0" timestamp="4 Mar 2020 03:44:28 GMT" time="0.014" errors="0">
  <testcase name="strartapp" time="0.011" classname="testNG.PriorityAnnitations"/>
  <testcase name="signoff" time="0.001" classname="testNG.PriorityAnnitations"/>
  <testcase name="loginapp" time="0.002" classname="testNG.PriorityAnnitations"/>
</testsuite> <!-- testNG.PriorityAnnitations -->
