<?xml version="1.0" encoding="UTF-8"?>
<!-- Generated by org.testng.reporters.JUnitReportReporter -->
<testsuite hostname="IBM-Testing01" name="testNG.AnnotationsOnWebShop" tests="4" failures="0" timestamp="9 Mar 2020 03:26:07 GMT" time="26.566" errors="0">
  <testcase name="checkTitle" time="0.019" classname="testNG.AnnotationsOnWebShop"/>
  <testcase name="signoff" time="1.122" classname="testNG.AnnotationsOnWebShop"/>
  <testcase name="loginapp" time="9.314" classname="testNG.AnnotationsOnWebShop"/>
  <testcase name="strartapp" time="16.111" classname="testNG.AnnotationsOnWebShop"/>
</testsuite> <!-- testNG.AnnotationsOnWebShop -->
