<?xml version="1.0" encoding="UTF-8"?>
<!-- Generated by org.testng.reporters.JUnitReportReporter -->
<testsuite hostname="IBM-Testing01" name="groupsdemo.Test2" tests="1" failures="0" timestamp="9 Mar 2020 04:48:55 GMT" time="0.007" errors="0">
  <testcase name="test2" time="0.007" classname="groupsdemo.Test2"/>
</testsuite> <!-- groupsdemo.Test2 -->
