<?xml version="1.0" encoding="UTF-8"?>
<!-- Generated by org.testng.reporters.JUnitReportReporter -->
<testsuite hostname="IBM-Testing01" name="listenersuitedemo.DependsMethod" tests="4" failures="0" timestamp="4 Mar 2020 11:12:33 GMT" time="10.628" errors="0">
  <testcase name="signoff" time="1.026" classname="listenersuitedemo.DependsMethod"/>
  <testcase name="checkTitle" time="0.021" classname="listenersuitedemo.DependsMethod"/>
  <testcase name="loginapp" time="2.168" classname="listenersuitedemo.DependsMethod"/>
  <testcase name="strartapp" time="7.413" classname="listenersuitedemo.DependsMethod"/>
</testsuite> <!-- listenersuitedemo.DependsMethod -->
