<?xml version="1.0" encoding="UTF-8"?>
<!-- Generated by org.testng.reporters.JUnitReportReporter -->
<testsuite hostname="IBM-Testing01" name="testNG.DependsMethod" tests="4" failures="0" timestamp="4 Mar 2020 04:28:55 GMT" time="13.242" errors="0">
  <testcase name="strartapp" time="9.945" classname="testNG.DependsMethod"/>
  <testcase name="checkTitle" time="0.011" classname="testNG.DependsMethod"/>
  <testcase name="loginapp" time="2.267" classname="testNG.DependsMethod"/>
  <testcase name="signoff" time="1.019" classname="testNG.DependsMethod"/>
</testsuite> <!-- testNG.DependsMethod -->
